[01m[K/home/orange/orange_ws/src/offb/src/test_fly.cpp:[m[K In function ‘[01m[Kint main(int, char**)[m[K’:
[01m[K/home/orange/orange_ws/src/offb/src/test_fly.cpp:69:17:[m[K [01;31m[Kerror: [m[K‘[01m[Kgeometry_msgs::PoseArray[m[K’ {aka ‘[01m[Kstruct geometry_msgs::PoseArray_<std::allocator<void> >[m[K’} has no member named ‘[01m[Kpose[m[K’; did you mean ‘[01m[Kposes[m[K’?
   69 |         pose[0].[01;31m[Kpose[m[K.position.x = 5;
      |                 [01;31m[K^~~~[m[K
      |                 [32m[Kposes[m[K
[01m[K/home/orange/orange_ws/src/offb/src/test_fly.cpp:70:17:[m[K [01;31m[Kerror: [m[K‘[01m[Kgeometry_msgs::PoseArray[m[K’ {aka ‘[01m[Kstruct geometry_msgs::PoseArray_<std::allocator<void> >[m[K’} has no member named ‘[01m[Kpose[m[K’; did you mean ‘[01m[Kposes[m[K’?
   70 |         pose[0].[01;31m[Kpose[m[K.position.y = 1;
      |                 [01;31m[K^~~~[m[K
      |                 [32m[Kposes[m[K
[01m[K/home/orange/orange_ws/src/offb/src/test_fly.cpp:71:17:[m[K [01;31m[Kerror: [m[K‘[01m[Kgeometry_msgs::PoseArray[m[K’ {aka ‘[01m[Kstruct geometry_msgs::PoseArray_<std::allocator<void> >[m[K’} has no member named ‘[01m[Kpose[m[K’; did you mean ‘[01m[Kposes[m[K’?
   71 |         pose[0].[01;31m[Kpose[m[K.position.z = 1;
      |                 [01;31m[K^~~~[m[K
      |                 [32m[Kposes[m[K
[01m[K/home/orange/orange_ws/src/offb/src/test_fly.cpp:73:17:[m[K [01;31m[Kerror: [m[K‘[01m[Kgeometry_msgs::PoseArray[m[K’ {aka ‘[01m[Kstruct geometry_msgs::PoseArray_<std::allocator<void> >[m[K’} has no member named ‘[01m[Kpose[m[K’; did you mean ‘[01m[Kposes[m[K’?
   73 |         pose[1].[01;31m[Kpose[m[K.orientation.x = orientationX;
      |                 [01;31m[K^~~~[m[K
      |                 [32m[Kposes[m[K
[01m[K/home/orange/orange_ws/src/offb/src/test_fly.cpp:74:17:[m[K [01;31m[Kerror: [m[K‘[01m[Kgeometry_msgs::PoseArray[m[K’ {aka ‘[01m[Kstruct geometry_msgs::PoseArray_<std::allocator<void> >[m[K’} has no member named ‘[01m[Kpose[m[K’; did you mean ‘[01m[Kposes[m[K’?
   74 |         pose[1].[01;31m[Kpose[m[K.orientation.y = orientationY;
      |                 [01;31m[K^~~~[m[K
      |                 [32m[Kposes[m[K
[01m[K/home/orange/orange_ws/src/offb/src/test_fly.cpp:75:17:[m[K [01;31m[Kerror: [m[K‘[01m[Kgeometry_msgs::PoseArray[m[K’ {aka ‘[01m[Kstruct geometry_msgs::PoseArray_<std::allocator<void> >[m[K’} has no member named ‘[01m[Kpose[m[K’; did you mean ‘[01m[Kposes[m[K’?
   75 |         pose[1].[01;31m[Kpose[m[K.orientation.z = orientationZ;
      |                 [01;31m[K^~~~[m[K
      |                 [32m[Kposes[m[K
[01m[K/home/orange/orange_ws/src/offb/src/test_fly.cpp:76:17:[m[K [01;31m[Kerror: [m[K‘[01m[Kgeometry_msgs::PoseArray[m[K’ {aka ‘[01m[Kstruct geometry_msgs::PoseArray_<std::allocator<void> >[m[K’} has no member named ‘[01m[Kpose[m[K’; did you mean ‘[01m[Kposes[m[K’?
   76 |         pose[1].[01;31m[Kpose[m[K.orientation.w = orientationW;
      |                 [01;31m[K^~~~[m[K
      |                 [32m[Kposes[m[K
In file included from [01m[K/opt/ros/noetic/include/ros/ros.h:40[m[K,
                 from [01m[K/home/orange/orange_ws/src/offb/src/test_fly.cpp:7[m[K:
[01m[K/home/orange/orange_ws/src/offb/src/test_fly.cpp:77:70:[m[K [01;31m[Kerror: [m[Krequest for member ‘[01m[Kpose[m[K’ in ‘[01m[Kpose[m[K’, which is of non-class type ‘[01m[Kgeometry_msgs::PoseArray [2][m[K’ {aka ‘[01m[Kgeometry_msgs::PoseArray_<std::allocator<void> > [2][m[K’}
   77 |         ROS_INFO("the orientation(x,y,z,w) is %f , %f, %f, %f", pose.[01;31m[Kpose[m[K.orientation.x, pose.pose.orientation.y, pose.pose.orientation.z, pose.pose.orientation.w);
      |                                                                      [01;31m[K^~~~[m[K
[01m[K/opt/ros/noetic/include/ros/console.h:351:165:[m[K [01;36m[Knote: [m[Kin definition of macro ‘[01m[KROSCONSOLE_PRINT_AT_LOCATION_WITH_FILTER[m[K’
  351 |     ::ros::console::print(filter, __rosconsole_define_location__loc.logger_, __rosconsole_define_location__loc.level_, __FILE__, __LINE__, __ROSCONSOLE_FUNCTION__, [01;36m[K__VA_ARGS__[m[K)
      |                                                                                                                                                                     [01;36m[K^~~~~~~~~~~[m[K
[01m[K/opt/ros/noetic/include/ros/console.h:390:7:[m[K [01;36m[Knote: [m[Kin expansion of macro ‘[01m[KROSCONSOLE_PRINT_AT_LOCATION[m[K’
  390 |       [01;36m[KROSCONSOLE_PRINT_AT_LOCATION[m[K(__VA_ARGS__); \
      |       [01;36m[K^~~~~~~~~~~~~~~~~~~~~~~~~~~~[m[K
[01m[K/opt/ros/noetic/include/ros/console.h:575:35:[m[K [01;36m[Knote: [m[Kin expansion of macro ‘[01m[KROS_LOG_COND[m[K’
  575 | #define ROS_LOG(level, name, ...) [01;36m[KROS_LOG_COND[m[K(true, level, name, __VA_ARGS__)
      |                                   [01;36m[K^~~~~~~~~~~~[m[K
[01m[K/opt/ros/noetic/include/rosconsole/macros_generated.h:110:23:[m[K [01;36m[Knote: [m[Kin expansion of macro ‘[01m[KROS_LOG[m[K’
  110 | #define ROS_INFO(...) [01;36m[KROS_LOG[m[K(::ros::console::levels::Info, ROSCONSOLE_DEFAULT_NAME, __VA_ARGS__)
      |                       [01;36m[K^~~~~~~[m[K
[01m[K/home/orange/orange_ws/src/offb/src/test_fly.cpp:77:9:[m[K [01;36m[Knote: [m[Kin expansion of macro ‘[01m[KROS_INFO[m[K’
   77 |         [01;36m[KROS_INFO[m[K("the orientation(x,y,z,w) is %f , %f, %f, %f", pose.pose.orientation.x, pose.pose.orientation.y, pose.pose.orientation.z, pose.pose.orientation.w);
      |         [01;36m[K^~~~~~~~[m[K
[01m[K/home/orange/orange_ws/src/offb/src/test_fly.cpp:77:95:[m[K [01;31m[Kerror: [m[Krequest for member ‘[01m[Kpose[m[K’ in ‘[01m[Kpose[m[K’, which is of non-class type ‘[01m[Kgeometry_msgs::PoseArray [2][m[K’ {aka ‘[01m[Kgeometry_msgs::PoseArray_<std::allocator<void> > [2][m[K’}
   77 |         ROS_INFO("the orientation(x,y,z,w) is %f , %f, %f, %f", pose.pose.orientation.x, pose.[01;31m[Kpose[m[K.orientation.y, pose.pose.orientation.z, pose.pose.orientation.w);
      |                                                                                               [01;31m[K^~~~[m[K
[01m[K/opt/ros/noetic/include/ros/console.h:351:165:[m[K [01;36m[Knote: [m[Kin definition of macro ‘[01m[KROSCONSOLE_PRINT_AT_LOCATION_WITH_FILTER[m[K’
  351 |     ::ros::console::print(filter, __rosconsole_define_location__loc.logger_, __rosconsole_define_location__loc.level_, __FILE__, __LINE__, __ROSCONSOLE_FUNCTION__, [01;36m[K__VA_ARGS__[m[K)
      |                                                                                                                                                                     [01;36m[K^~~~~~~~~~~[m[K
[01m[K/opt/ros/noetic/include/ros/console.h:390:7:[m[K [01;36m[Knote: [m[Kin expansion of macro ‘[01m[KROSCONSOLE_PRINT_AT_LOCATION[m[K’
  390 |       [01;36m[KROSCONSOLE_PRINT_AT_LOCATION[m[K(__VA_ARGS__); \
      |       [01;36m[K^~~~~~~~~~~~~~~~~~~~~~~~~~~~[m[K
[01m[K/opt/ros/noetic/include/ros/console.h:575:35:[m[K [01;36m[Knote: [m[Kin expansion of macro ‘[01m[KROS_LOG_COND[m[K’
  575 | #define ROS_LOG(level, name, ...) [01;36m[KROS_LOG_COND[m[K(true, level, name, __VA_ARGS__)
      |                                   [01;36m[K^~~~~~~~~~~~[m[K
[01m[K/opt/ros/noetic/include/rosconsole/macros_generated.h:110:23:[m[K [01;36m[Knote: [m[Kin expansion of macro ‘[01m[KROS_LOG[m[K’
  110 | #define ROS_INFO(...) [01;36m[KROS_LOG[m[K(::ros::console::levels::Info, ROSCONSOLE_DEFAULT_NAME, __VA_ARGS__)
      |                       [01;36m[K^~~~~~~[m[K
[01m[K/home/orange/orange_ws/src/offb/src/test_fly.cpp:77:9:[m[K [01;36m[Knote: [m[Kin expansion of macro ‘[01m[KROS_INFO[m[K’
   77 |         [01;36m[KROS_INFO[m[K("the orientation(x,y,z,w) is %f , %f, %f, %f", pose.pose.orientation.x, pose.pose.orientation.y, pose.pose.orientation.z, pose.pose.orientation.w);
      |         [01;36m[K^~~~~~~~[m[K
[01m[K/home/orange/orange_ws/src/offb/src/test_fly.cpp:77:120:[m[K [01;31m[Kerror: [m[Krequest for member ‘[01m[Kpose[m[K’ in ‘[01m[Kpose[m[K’, which is of non-class type ‘[01m[Kgeometry_msgs::PoseArray [2][m[K’ {aka ‘[01m[Kgeometry_msgs::PoseArray_<std::allocator<void> > [2][m[K’}
   77 |         ROS_INFO("the orientation(x,y,z,w) is %f , %f, %f, %f", pose.pose.orientation.x, pose.pose.orientation.y, pose.[01;31m[Kpose[m[K.orientation.z, pose.pose.orientation.w);
      |                                                                                                                        [01;31m[K^~~~[m[K
[01m[K/opt/ros/noetic/include/ros/console.h:351:165:[m[K [01;36m[Knote: [m[Kin definition of macro ‘[01m[KROSCONSOLE_PRINT_AT_LOCATION_WITH_FILTER[m[K’
  351 |     ::ros::console::print(filter, __rosconsole_define_location__loc.logger_, __rosconsole_define_location__loc.level_, __FILE__, __LINE__, __ROSCONSOLE_FUNCTION__, [01;36m[K__VA_ARGS__[m[K)
      |                                                                                                                                                                     [01;36m[K^~~~~~~~~~~[m[K
[01m[K/opt/ros/noetic/include/ros/console.h:390:7:[m[K [01;36m[Knote: [m[Kin expansion of macro ‘[01m[KROSCONSOLE_PRINT_AT_LOCATION[m[K’
  390 |       [01;36m[KROSCONSOLE_PRINT_AT_LOCATION[m[K(__VA_ARGS__); \
      |       [01;36m[K^~~~~~~~~~~~~~~~~~~~~~~~~~~~[m[K
[01m[K/opt/ros/noetic/include/ros/console.h:575:35:[m[K [01;36m[Knote: [m[Kin expansion of macro ‘[01m[KROS_LOG_COND[m[K’
  575 | #define ROS_LOG(level, name, ...) [01;36m[KROS_LOG_COND[m[K(true, level, name, __VA_ARGS__)
      |                                   [01;36m[K^~~~~~~~~~~~[m[K
[01m[K/opt/ros/noetic/include/rosconsole/macros_generated.h:110:23:[m[K [01;36m[Knote: [m[Kin expansion of macro ‘[01m[KROS_LOG[m[K’
  110 | #define ROS_INFO(...) [01;36m[KROS_LOG[m[K(::ros::console::levels::Info, ROSCONSOLE_DEFAULT_NAME, __VA_ARGS__)
      |                       [01;36m[K^~~~~~~[m[K
[01m[K/home/orange/orange_ws/src/offb/src/test_fly.cpp:77:9:[m[K [01;36m[Knote: [m[Kin expansion of macro ‘[01m[KROS_INFO[m[K’
   77 |         [01;36m[KROS_INFO[m[K("the orientation(x,y,z,w) is %f , %f, %f, %f", pose.pose.orientation.x, pose.pose.orientation.y, pose.pose.orientation.z, pose.pose.orientation.w);
      |         [01;36m[K^~~~~~~~[m[K
[01m[K/home/orange/orange_ws/src/offb/src/test_fly.cpp:77:145:[m[K [01;31m[Kerror: [m[Krequest for member ‘[01m[Kpose[m[K’ in ‘[01m[Kpose[m[K’, which is of non-class type ‘[01m[Kgeometry_msgs::PoseArray [2][m[K’ {aka ‘[01m[Kgeometry_msgs::PoseArray_<std::allocator<void> > [2][m[K’}
   77 |         ROS_INFO("the orientation(x,y,z,w) is %f , %f, %f, %f", pose.pose.orientation.x, pose.pose.orientation.y, pose.pose.orientation.z, pose.[01;31m[Kpose[m[K.orientation.w);
      |                                                                                                                                                 [01;31m[K^~~~[m[K
[01m[K/opt/ros/noetic/include/ros/console.h:351:165:[m[K [01;36m[Knote: [m[Kin definition of macro ‘[01m[KROSCONSOLE_PRINT_AT_LOCATION_WITH_FILTER[m[K’
  351 |     ::ros::console::print(filter, __rosconsole_define_location__loc.logger_, __rosconsole_define_location__loc.level_, __FILE__, __LINE__, __ROSCONSOLE_FUNCTION__, [01;36m[K__VA_ARGS__[m[K)
      |                                                                                                                                                                     [01;36m[K^~~~~~~~~~~[m[K
[01m[K/opt/ros/noetic/include/ros/console.h:390:7:[m[K [01;36m[Knote: [m[Kin expansion of macro ‘[01m[KROSCONSOLE_PRINT_AT_LOCATION[m[K’
  390 |       [01;36m[KROSCONSOLE_PRINT_AT_LOCATION[m[K(__VA_ARGS__); \
      |       [01;36m[K^~~~~~~~~~~~~~~~~~~~~~~~~~~~[m[K
[01m[K/opt/ros/noetic/include/ros/console.h:575:35:[m[K [01;36m[Knote: [m[Kin expansion of macro ‘[01m[KROS_LOG_COND[m[K’
  575 | #define ROS_LOG(level, name, ...) [01;36m[KROS_LOG_COND[m[K(true, level, name, __VA_ARGS__)
      |                                   [01;36m[K^~~~~~~~~~~~[m[K
[01m[K/opt/ros/noetic/include/rosconsole/macros_generated.h:110:23:[m[K [01;36m[Knote: [m[Kin expansion of macro ‘[01m[KROS_LOG[m[K’
  110 | #define ROS_INFO(...) [01;36m[KROS_LOG[m[K(::ros::console::levels::Info, ROSCONSOLE_DEFAULT_NAME, __VA_ARGS__)
      |                       [01;36m[K^~~~~~~[m[K
[01m[K/home/orange/orange_ws/src/offb/src/test_fly.cpp:77:9:[m[K [01;36m[Knote: [m[Kin expansion of macro ‘[01m[KROS_INFO[m[K’
   77 |         [01;36m[KROS_INFO[m[K("the orientation(x,y,z,w) is %f , %f, %f, %f", pose.pose.orientation.x, pose.pose.orientation.y, pose.pose.orientation.z, pose.pose.orientation.w);
      |         [01;36m[K^~~~~~~~[m[K
In file included from [01m[K/opt/ros/noetic/include/ros/serialization.h:37[m[K,
                 from [01m[K/opt/ros/noetic/include/ros/publisher.h:34[m[K,
                 from [01m[K/opt/ros/noetic/include/ros/node_handle.h:32[m[K,
                 from [01m[K/opt/ros/noetic/include/ros/ros.h:45[m[K,
                 from [01m[K/home/orange/orange_ws/src/offb/src/test_fly.cpp:7[m[K:
/opt/ros/noetic/include/ros/message_traits.h: In instantiation of ‘[01m[Kstatic const char* ros::message_traits::MD5Sum<M>::value(const M&) [with M = geometry_msgs::PoseArray_<std::allocator<void> > [2]][m[K’:
[01m[K/opt/ros/noetic/include/ros/message_traits.h:254:102:[m[K   required from ‘[01m[Kconst char* ros::message_traits::md5sum(const M&) [with M = geometry_msgs::PoseArray_<std::allocator<void> > [2]][m[K’
[01m[K/opt/ros/noetic/include/ros/publisher.h:117:38:[m[K   required from ‘[01m[Kvoid ros::Publisher::publish(const M&) const [with M = geometry_msgs::PoseArray_<std::allocator<void> > [2]][m[K’
[01m[K/home/orange/orange_ws/src/offb/src/test_fly.cpp:55:35:[m[K   required from here
[01m[K/opt/ros/noetic/include/ros/message_traits.h:125:14:[m[K [01;31m[Kerror: [m[Krequest for member ‘[01m[K__getMD5Sum[m[K’ in ‘[01m[Km[m[K’, which is of non-class type ‘[01m[Kconst geometry_msgs::PoseArray_<std::allocator<void> > [2][m[K’
  125 |     return [01;31m[Km.__getMD5Sum[m[K().c_str();
      |            [01;31m[K~~^~~~~~~~~~~[m[K
/opt/ros/noetic/include/ros/message_traits.h: In instantiation of ‘[01m[Kstatic const char* ros::message_traits::DataType<M>::value(const M&) [with M = geometry_msgs::PoseArray_<std::allocator<void> > [2]][m[K’:
[01m[K/opt/ros/noetic/include/ros/message_traits.h:263:104:[m[K   required from ‘[01m[Kconst char* ros::message_traits::datatype(const M&) [with M = geometry_msgs::PoseArray_<std::allocator<void> > [2]][m[K’
[01m[K/opt/ros/noetic/include/ros/publisher.h:119:11:[m[K   required from ‘[01m[Kvoid ros::Publisher::publish(const M&) const [with M = geometry_msgs::PoseArray_<std::allocator<void> > [2]][m[K’
[01m[K/home/orange/orange_ws/src/offb/src/test_fly.cpp:55:35:[m[K   required from here
[01m[K/opt/ros/noetic/include/ros/message_traits.h:142:14:[m[K [01;31m[Kerror: [m[Krequest for member ‘[01m[K__getDataType[m[K’ in ‘[01m[Km[m[K’, which is of non-class type ‘[01m[Kconst geometry_msgs::PoseArray_<std::allocator<void> > [2][m[K’
  142 |     return [01;31m[Km.__getDataType[m[K().c_str();
      |            [01;31m[K~~^~~~~~~~~~~~~[m[K
In file included from [01m[K/opt/ros/noetic/include/ros/publisher.h:34[m[K,
                 from [01m[K/opt/ros/noetic/include/ros/node_handle.h:32[m[K,
                 from [01m[K/opt/ros/noetic/include/ros/ros.h:45[m[K,
                 from [01m[K/home/orange/orange_ws/src/offb/src/test_fly.cpp:7[m[K:
/opt/ros/noetic/include/ros/serialization.h: In instantiation of ‘[01m[Kstatic uint32_t ros::serialization::Serializer<T>::serializedLength(typename boost::call_traits<T>::param_type) [with T = geometry_msgs::PoseArray_<std::allocator<void> > [2]; uint32_t = unsigned int; typename boost::call_traits<T>::param_type = const geometry_msgs::PoseArray_<std::allocator<void> >* const][m[K’:
[01m[K/opt/ros/noetic/include/ros/serialization.h:180:41:[m[K   required from ‘[01m[Kuint32_t ros::serialization::serializationLength(const T&) [with T = geometry_msgs::PoseArray_<std::allocator<void> > [2]; uint32_t = unsigned int][m[K’
[01m[K/opt/ros/noetic/include/ros/serialization.h:815:37:[m[K   required from ‘[01m[Kros::SerializedMessage ros::serialization::serializeMessage(const M&) [with M = geometry_msgs::PoseArray_<std::allocator<void> > [2]][m[K’
[01m[K/opt/ros/noetic/include/ros/publisher.h:126:26:[m[K   required from ‘[01m[Kvoid ros::Publisher::publish(const M&) const [with M = geometry_msgs::PoseArray_<std::allocator<void> > [2]][m[K’
[01m[K/home/orange/orange_ws/src/offb/src/test_fly.cpp:55:35:[m[K   required from here
[01m[K/opt/ros/noetic/include/ros/serialization.h:145:14:[m[K [01;31m[Kerror: [m[Krequest for member ‘[01m[KserializationLength[m[K’ in ‘[01m[Kt[m[K’, which is of pointer type ‘[01m[Kboost::call_traits<geometry_msgs::PoseArray_<std::allocator<void> > [2]>::param_type[m[K’ {aka ‘[01m[Kconst geometry_msgs::PoseArray_<std::allocator<void> >* const[m[K’} (maybe you meant to use ‘[01m[K->[m[K’ ?)
  145 |     return [01;31m[Kt.serializationLength[m[K();
      |            [01;31m[K~~^~~~~~~~~~~~~~~~~~~[m[K
/opt/ros/noetic/include/ros/serialization.h: In instantiation of ‘[01m[Kstatic void ros::serialization::Serializer<T>::write(Stream&, typename boost::call_traits<T>::param_type) [with Stream = ros::serialization::OStream; T = geometry_msgs::PoseArray_<std::allocator<void> > [2]; typename boost::call_traits<T>::param_type = const geometry_msgs::PoseArray_<std::allocator<void> >* const][m[K’:
[01m[K/opt/ros/noetic/include/ros/serialization.h:155:23:[m[K   required from ‘[01m[Kvoid ros::serialization::serialize(Stream&, const T&) [with T = geometry_msgs::PoseArray_<std::allocator<void> > [2]; Stream = ros::serialization::OStream][m[K’
[01m[K/opt/ros/noetic/include/ros/serialization.h:822:12:[m[K   required from ‘[01m[Kros::SerializedMessage ros::serialization::serializeMessage(const M&) [with M = geometry_msgs::PoseArray_<std::allocator<void> > [2]][m[K’
[01m[K/opt/ros/noetic/include/ros/publisher.h:126:26:[m[K   required from ‘[01m[Kvoid ros::Publisher::publish(const M&) const [with M = geometry_msgs::PoseArray_<std::allocator<void> > [2]][m[K’
[01m[K/home/orange/orange_ws/src/offb/src/test_fly.cpp:55:35:[m[K   required from here
[01m[K/opt/ros/noetic/include/ros/serialization.h:128:7:[m[K [01;31m[Kerror: [m[Krequest for member ‘[01m[Kserialize[m[K’ in ‘[01m[Kt[m[K’, which is of pointer type ‘[01m[Kboost::call_traits<geometry_msgs::PoseArray_<std::allocator<void> > [2]>::param_type[m[K’ {aka ‘[01m[Kconst geometry_msgs::PoseArray_<std::allocator<void> >* const[m[K’} (maybe you meant to use ‘[01m[K->[m[K’ ?)
  128 |     [01;31m[Kt.serialize[m[K(stream.getData(), 0);
      |     [01;31m[K~~^~~~~~~~~[m[K
make[2]: *** [CMakeFiles/test_fly.dir/build.make:63: CMakeFiles/test_fly.dir/src/test_fly.cpp.o] Error 1
make[1]: *** [CMakeFiles/Makefile2:290: CMakeFiles/test_fly.dir/all] Error 2
make: *** [Makefile:141: all] Error 2
